2025-03-17 05:00:18,580 [INFO] Logging initialized. Log file: outputs/models/east_1b\logs\east_training_20250317_050018.log
2025-03-17 05:00:18,580 [INFO] ==================================================
2025-03-17 05:00:18,580 [INFO] EAST Training Started at 2025-03-17 05:00:18
2025-03-17 05:00:18,580 [INFO] PyTorch version: 2.6.0+cu118
2025-03-17 05:00:18,596 [INFO] CUDA available: True
2025-03-17 05:00:18,596 [INFO] CUDA version: 11.8
2025-03-17 05:00:18,599 [INFO] GPU: NVIDIA GeForce RTX 3070 Laptop GPU
2025-03-17 05:00:18,599 [INFO] Initial system state:
2025-03-17 05:00:18,599 [INFO] Memory stats at initialization:
2025-03-17 05:00:18,610 [INFO]   GPU 0 utilization: 0.00%
2025-03-17 05:00:18,610 [INFO] Loading sparsity configuration from configs/sparsity_config.json
2025-03-17 05:00:18,611 [INFO] Successfully loaded sparsity configuration
2025-03-17 05:00:18,611 [INFO] Step 1: Loading model and tokenizer
2025-03-17 05:00:18,611 [INFO] Starting model loading...
2025-03-17 05:00:19,797 [INFO] We will use 90% of the memory on device 0 for storing the model, and 10% for the buffer to avoid OOM. You can set `max_memory` in to a higher value to use more memory (at your own risk).
2025-03-17 05:00:21,409 [INFO] Completed model loading in 2.80 seconds
2025-03-17 05:00:21,409 [INFO] Memory stats at after model loading:
2025-03-17 05:00:21,420 [INFO]   GPU 0 utilization: 10.57%
2025-03-17 05:00:21,420 [INFO] Step 2: Applying DyReLU phasing
2025-03-17 05:00:21,421 [INFO] Starting DyReLU phasing...
2025-03-17 05:00:21,422 [INFO] Completed DyReLU phasing in 0.00 seconds
2025-03-17 05:00:21,422 [INFO] Memory stats at after DyReLU phasing:
2025-03-17 05:00:21,433 [INFO]   GPU 0 utilization: 10.57%
2025-03-17 05:00:21,433 [INFO] Step 3: Applying weight sharing
2025-03-17 05:00:21,434 [INFO] Starting weight sharing...
2025-03-17 05:00:21,464 [INFO] Completed weight sharing in 0.03 seconds
2025-03-17 05:00:21,464 [INFO] Memory stats at after weight sharing:
2025-03-17 05:00:21,476 [INFO]   GPU 0 utilization: 10.57%
2025-03-17 05:00:21,476 [INFO] Step 4: Gathering initial model statistics
2025-03-17 05:00:21,477 [INFO] Starting parameter counting...
2025-03-17 05:00:21,564 [INFO] Completed parameter counting in 0.09 seconds
2025-03-17 05:00:21,564 [INFO] Step 5: Applying static pruning
2025-03-17 05:00:21,564 [INFO] Static pruning with sparsity=0.8, chunk_size=1000000
2025-03-17 05:00:21,564 [INFO] Starting static pruning...
2025-03-17 05:00:21,701 [INFO] Completed static pruning in 0.14 seconds
2025-03-17 05:00:21,763 [INFO] Memory stats at after static pruning:
2025-03-17 05:00:21,774 [INFO]   GPU 0 utilization: 10.57%
2025-03-17 05:00:21,775 [INFO] Step 6: Applying cyclic sparsity
2025-03-17 05:00:21,775 [INFO] Cyclic sparsity with min=0.8, max=0.9, cycle=5
2025-03-17 05:00:21,775 [INFO] Starting cyclic sparsity...
2025-03-17 05:00:21,797 [INFO] Completed cyclic sparsity in 0.02 seconds
2025-03-17 05:00:21,861 [INFO] Memory stats at after cyclic sparsity:
2025-03-17 05:00:21,871 [INFO]   GPU 0 utilization: 10.57%
2025-03-17 05:00:21,871 [INFO] Step 7: Evaluating model
2025-03-17 05:00:21,871 [INFO] Starting model evaluation...
2025-03-17 05:00:25,915 [INFO] Completed model evaluation in 4.04 seconds
2025-03-17 05:00:25,916 [INFO] Evaluation results saved to outputs/models/east_1b\evaluation_results.json
2025-03-17 05:00:25,916 [INFO] Memory stats at after evaluation:
2025-03-17 05:00:25,926 [INFO]   GPU 0 utilization: 10.67%
2025-03-17 05:00:25,926 [INFO] Step 8: Saving model
2025-03-17 05:00:25,926 [INFO] Starting model saving...
2025-03-17 05:00:25,967 [INFO] Completed model saving in 0.04 seconds
2025-03-17 05:00:25,967 [INFO] Memory stats at after model saving:
2025-03-17 05:00:25,977 [INFO]   GPU 0 utilization: 10.67%
2025-03-17 05:00:25,977 [INFO] Step 9: Cleaning up resources
2025-03-17 05:00:25,977 [INFO] Starting resource cleanup...
2025-03-17 05:00:26,278 [INFO] Completed resource cleanup in 0.30 seconds
2025-03-17 05:00:26,278 [INFO] Memory stats at after cleanup:
2025-03-17 05:00:26,288 [INFO]   GPU 0 utilization: 3.96%
2025-03-17 05:00:26,289 [INFO] Execution metadata saved to outputs/models/east_1b\execution_metadata.json
2025-03-17 05:00:26,289 [INFO] 
Training completed successfully in 7.68 seconds!
2025-03-17 05:00:26,290 [INFO] See detailed logs at: outputs/models/east_1b\logs\east_training_20250317_050018.log
2025-03-17 05:00:26,290 [INFO] ==================================================
