2025-03-17 04:22:34,429 [INFO] Logging initialized. Log file: outputs/models/east_1b\logs\east_training_20250317_042234.log
2025-03-17 04:22:34,429 [INFO] ==================================================
2025-03-17 04:22:34,430 [INFO] EAST Training Started at 2025-03-17 04:22:34
2025-03-17 04:22:34,430 [INFO] PyTorch version: 2.6.0+cu118
2025-03-17 04:22:34,444 [INFO] CUDA available: True
2025-03-17 04:22:34,444 [INFO] CUDA version: 11.8
2025-03-17 04:22:34,447 [INFO] GPU: NVIDIA GeForce RTX 3070 Laptop GPU
2025-03-17 04:22:34,447 [INFO] Initial system state:
2025-03-17 04:22:34,447 [INFO] Memory stats at initialization:
2025-03-17 04:22:34,458 [INFO]   GPU 0 utilization: 0.00%
2025-03-17 04:22:34,458 [INFO] Loading sparsity configuration from configs/sparsity_config.json
2025-03-17 04:22:34,459 [INFO] Successfully loaded sparsity configuration
2025-03-17 04:22:34,459 [INFO] Step 1: Loading model and tokenizer
2025-03-17 04:22:34,459 [INFO] Starting model loading...
2025-03-17 04:22:35,224 [INFO] We will use 90% of the memory on device 0 for storing the model, and 10% for the buffer to avoid OOM. You can set `max_memory` in to a higher value to use more memory (at your own risk).
2025-03-17 04:22:36,932 [INFO] Completed model loading in 2.47 seconds
2025-03-17 04:22:36,932 [INFO] Memory stats at after model loading:
2025-03-17 04:22:36,942 [INFO]   GPU 0 utilization: 10.57%
2025-03-17 04:22:36,943 [INFO] Step 2: Applying DyReLU phasing
2025-03-17 04:22:36,945 [INFO] Starting DyReLU phasing...
2025-03-17 04:22:36,946 [INFO] Completed DyReLU phasing in 0.00 seconds
2025-03-17 04:22:36,946 [INFO] Memory stats at after DyReLU phasing:
2025-03-17 04:22:36,958 [INFO]   GPU 0 utilization: 10.57%
2025-03-17 04:22:36,958 [INFO] Step 3: Applying weight sharing
2025-03-17 04:22:36,959 [INFO] Starting weight sharing...
2025-03-17 04:22:36,983 [INFO] Completed weight sharing in 0.02 seconds
2025-03-17 04:22:36,983 [INFO] Memory stats at after weight sharing:
2025-03-17 04:22:36,994 [INFO]   GPU 0 utilization: 10.57%
2025-03-17 04:22:36,995 [INFO] Step 4: Gathering initial model statistics
2025-03-17 04:22:36,995 [INFO] Starting parameter counting...
2025-03-17 04:22:37,082 [INFO] Completed parameter counting in 0.09 seconds
2025-03-17 04:22:37,082 [INFO] Step 5: Applying static pruning
2025-03-17 04:22:37,083 [INFO] Static pruning with sparsity=0.8, chunk_size=1000000
2025-03-17 04:22:37,083 [INFO] Starting static pruning...
2025-03-17 04:22:37,222 [INFO] Completed static pruning in 0.14 seconds
2025-03-17 04:22:37,281 [INFO] Memory stats at after static pruning:
2025-03-17 04:22:37,300 [INFO]   GPU 0 utilization: 10.57%
2025-03-17 04:22:37,300 [INFO] Step 6: Applying cyclic sparsity
2025-03-17 04:22:37,300 [INFO] Cyclic sparsity with min=0.8, max=0.9, cycle=5
2025-03-17 04:22:37,300 [INFO] Starting cyclic sparsity...
2025-03-17 04:22:37,322 [INFO] Completed cyclic sparsity in 0.02 seconds
2025-03-17 04:22:37,383 [INFO] Memory stats at after cyclic sparsity:
2025-03-17 04:22:37,393 [INFO]   GPU 0 utilization: 10.57%
2025-03-17 04:22:37,393 [INFO] Step 7: Evaluating model
2025-03-17 04:22:37,393 [INFO] Starting model evaluation...
2025-03-17 04:22:41,573 [INFO] Completed model evaluation in 4.18 seconds
2025-03-17 04:22:41,574 [INFO] Evaluation results saved to outputs/models/east_1b\evaluation_results.json
2025-03-17 04:22:41,574 [INFO] Memory stats at after evaluation:
2025-03-17 04:22:41,586 [INFO]   GPU 0 utilization: 10.67%
2025-03-17 04:22:41,587 [INFO] Step 8: Saving model
2025-03-17 04:22:41,587 [INFO] Starting model saving...
2025-03-17 04:22:41,612 [INFO] Completed model saving in 0.02 seconds
2025-03-17 04:22:41,612 [INFO] Memory stats at after model saving:
2025-03-17 04:22:41,623 [INFO]   GPU 0 utilization: 10.67%
2025-03-17 04:22:41,623 [INFO] Step 9: Cleaning up resources
2025-03-17 04:22:41,624 [INFO] Starting resource cleanup...
2025-03-17 04:22:41,980 [INFO] Completed resource cleanup in 0.36 seconds
2025-03-17 04:22:41,981 [INFO] Memory stats at after cleanup:
2025-03-17 04:22:41,990 [INFO]   GPU 0 utilization: 3.96%
2025-03-17 04:22:41,992 [INFO] Execution metadata saved to outputs/models/east_1b\execution_metadata.json
2025-03-17 04:22:41,992 [INFO] 
Training completed successfully in 7.53 seconds!
2025-03-17 04:22:41,992 [INFO] See detailed logs at: outputs/models/east_1b\logs\east_training_20250317_042234.log
2025-03-17 04:22:41,992 [INFO] ==================================================
