2025-03-17 04:06:31,079 [INFO] Logging initialized. Log file: outputs/models/east_1b\logs\east_training_20250317_040631.log
2025-03-17 04:06:31,079 [INFO] ==================================================
2025-03-17 04:06:31,079 [INFO] EAST Training Started at 2025-03-17 04:06:31
2025-03-17 04:06:31,079 [INFO] PyTorch version: 2.6.0+cu118
2025-03-17 04:06:31,094 [INFO] CUDA available: True
2025-03-17 04:06:31,095 [INFO] CUDA version: 11.8
2025-03-17 04:06:31,096 [INFO] GPU: NVIDIA GeForce RTX 3070 Laptop GPU
2025-03-17 04:06:31,096 [INFO] Initial system state:
2025-03-17 04:06:31,097 [INFO] Memory stats at initialization:
2025-03-17 04:06:31,107 [INFO]   GPU 0 utilization: 0.00%
2025-03-17 04:06:31,107 [INFO] Loading sparsity configuration from configs/sparsity_config.json
2025-03-17 04:06:31,108 [INFO] Successfully loaded sparsity configuration
2025-03-17 04:06:31,108 [INFO] Step 1: Loading model and tokenizer
2025-03-17 04:06:31,108 [INFO] Starting model loading...
2025-03-17 04:06:32,100 [INFO] We will use 90% of the memory on device 0 for storing the model, and 10% for the buffer to avoid OOM. You can set `max_memory` in to a higher value to use more memory (at your own risk).
2025-03-17 04:06:33,678 [INFO] Completed model loading in 2.57 seconds
2025-03-17 04:06:33,679 [INFO] Memory stats at after model loading:
2025-03-17 04:06:33,690 [INFO]   GPU 0 utilization: 10.57%
2025-03-17 04:06:33,691 [INFO] Step 2: Applying DyReLU phasing
2025-03-17 04:06:33,699 [INFO] Starting DyReLU phasing...
2025-03-17 04:06:33,700 [INFO] Completed DyReLU phasing in 0.00 seconds
2025-03-17 04:06:33,700 [INFO] Memory stats at after DyReLU phasing:
2025-03-17 04:06:33,711 [INFO]   GPU 0 utilization: 10.57%
2025-03-17 04:06:33,711 [INFO] Step 3: Applying weight sharing
2025-03-17 04:06:33,716 [INFO] Starting weight sharing...
2025-03-17 04:06:33,717 [ERROR] Failed weight sharing after 0.00 seconds: cannot register a hook on a tensor that doesn't require gradient
2025-03-17 04:06:33,718 [ERROR] Error during weight sharing: cannot register a hook on a tensor that doesn't require gradient
2025-03-17 04:06:33,718 [WARNING] Continuing without weight sharing
2025-03-17 04:06:33,718 [INFO] Step 4: Gathering initial model statistics
2025-03-17 04:06:33,718 [INFO] Starting parameter counting...
2025-03-17 04:06:33,802 [INFO] Completed parameter counting in 0.08 seconds
2025-03-17 04:06:33,802 [INFO] Step 5: Applying static pruning
2025-03-17 04:06:33,802 [INFO] Static pruning with sparsity=0.8, chunk_size=1000000
2025-03-17 04:06:33,803 [INFO] Starting static pruning...
2025-03-17 04:06:33,937 [INFO] Completed static pruning in 0.13 seconds
2025-03-17 04:06:34,001 [INFO] Memory stats at after static pruning:
2025-03-17 04:06:34,017 [INFO]   GPU 0 utilization: 10.58%
2025-03-17 04:06:34,017 [INFO] Step 6: Applying cyclic sparsity
2025-03-17 04:06:34,017 [INFO] Cyclic sparsity with min=0.8, max=0.9, cycle=5
2025-03-17 04:06:34,018 [INFO] Starting cyclic sparsity...
2025-03-17 04:06:34,042 [INFO] Completed cyclic sparsity in 0.02 seconds
2025-03-17 04:06:34,105 [INFO] Memory stats at after cyclic sparsity:
2025-03-17 04:06:34,114 [INFO]   GPU 0 utilization: 10.58%
2025-03-17 04:06:34,114 [INFO] Step 7: Evaluating model
2025-03-17 04:06:34,114 [INFO] Starting model evaluation...
2025-03-17 04:06:38,212 [INFO] Completed model evaluation in 4.10 seconds
2025-03-17 04:06:38,212 [INFO] Evaluation results saved to outputs/models/east_1b\evaluation_results.json
2025-03-17 04:06:38,213 [INFO] Memory stats at after evaluation:
2025-03-17 04:06:38,222 [INFO]   GPU 0 utilization: 10.68%
2025-03-17 04:06:38,223 [INFO] Step 8: Saving model
2025-03-17 04:06:38,223 [INFO] Starting model saving...
2025-03-17 04:06:38,272 [INFO] Completed model saving in 0.05 seconds
2025-03-17 04:06:38,272 [INFO] Memory stats at after model saving:
2025-03-17 04:06:38,284 [INFO]   GPU 0 utilization: 10.68%
2025-03-17 04:06:38,284 [INFO] Step 9: Cleaning up resources
2025-03-17 04:06:38,285 [INFO] Starting resource cleanup...
2025-03-17 04:06:38,586 [INFO] Completed resource cleanup in 0.30 seconds
2025-03-17 04:06:38,587 [INFO] Memory stats at after cleanup:
2025-03-17 04:06:38,597 [INFO]   GPU 0 utilization: 0.36%
2025-03-17 04:06:38,598 [INFO] Execution metadata saved to outputs/models/east_1b\execution_metadata.json
2025-03-17 04:06:38,599 [INFO] 
Training completed successfully in 7.49 seconds!
2025-03-17 04:06:38,599 [INFO] See detailed logs at: outputs/models/east_1b\logs\east_training_20250317_040631.log
2025-03-17 04:06:38,599 [INFO] ==================================================
