2025-03-17 04:00:30,323 [INFO] Logging initialized. Log file: outputs/models/east_1b\logs\east_training_20250317_040030.log
2025-03-17 04:00:30,323 [INFO] ==================================================
2025-03-17 04:00:30,324 [INFO] EAST Training Started at 2025-03-17 04:00:30
2025-03-17 04:00:30,324 [INFO] PyTorch version: 2.6.0+cu118
2025-03-17 04:00:30,343 [INFO] CUDA available: True
2025-03-17 04:00:30,343 [INFO] CUDA version: 11.8
2025-03-17 04:00:30,345 [INFO] GPU: NVIDIA GeForce RTX 3070 Laptop GPU
2025-03-17 04:00:30,346 [INFO] Initial system state:
2025-03-17 04:00:30,346 [INFO] Memory stats at initialization:
2025-03-17 04:00:30,356 [INFO]   GPU 0 utilization: 0.00%
2025-03-17 04:00:30,357 [INFO] Loading sparsity configuration from configs/sparsity_config.json
2025-03-17 04:00:30,357 [INFO] Successfully loaded sparsity configuration
2025-03-17 04:00:30,358 [INFO] Step 1: Loading model and tokenizer
2025-03-17 04:00:30,358 [INFO] Starting model loading...
2025-03-17 04:00:31,114 [INFO] We will use 90% of the memory on device 0 for storing the model, and 10% for the buffer to avoid OOM. You can set `max_memory` in to a higher value to use more memory (at your own risk).
2025-03-17 04:00:32,756 [INFO] Completed model loading in 2.40 seconds
2025-03-17 04:00:32,756 [INFO] Memory stats at after model loading:
2025-03-17 04:00:32,766 [INFO]   GPU 0 utilization: 10.57%
2025-03-17 04:00:32,767 [INFO] Step 2: Applying DyReLU phasing
2025-03-17 04:00:32,774 [INFO] Starting DyReLU phasing...
2025-03-17 04:00:32,775 [INFO] Completed DyReLU phasing in 0.00 seconds
2025-03-17 04:00:32,775 [INFO] Memory stats at after DyReLU phasing:
2025-03-17 04:00:32,786 [INFO]   GPU 0 utilization: 10.57%
2025-03-17 04:00:32,787 [INFO] Step 3: Applying weight sharing
2025-03-17 04:00:32,795 [INFO] Starting weight sharing...
2025-03-17 04:00:32,797 [ERROR] Failed weight sharing after 0.00 seconds: cannot register a hook on a tensor that doesn't require gradient
2025-03-17 04:00:32,797 [ERROR] Error during weight sharing: cannot register a hook on a tensor that doesn't require gradient
2025-03-17 04:00:32,797 [WARNING] Continuing without weight sharing
2025-03-17 04:00:32,797 [INFO] Step 4: Gathering initial model statistics
2025-03-17 04:00:32,797 [INFO] Starting parameter counting...
2025-03-17 04:00:32,883 [INFO] Completed parameter counting in 0.09 seconds
2025-03-17 04:00:32,883 [INFO] Step 5: Applying static pruning
2025-03-17 04:00:32,884 [INFO] Static pruning with sparsity=0.8, chunk_size=1000000
2025-03-17 04:00:32,884 [INFO] Starting static pruning...
2025-03-17 04:00:33,025 [INFO] Completed static pruning in 0.14 seconds
2025-03-17 04:00:33,089 [INFO] Memory stats at after static pruning:
2025-03-17 04:00:33,099 [INFO]   GPU 0 utilization: 10.58%
2025-03-17 04:00:33,099 [INFO] Step 6: Applying cyclic sparsity
2025-03-17 04:00:33,099 [INFO] Cyclic sparsity with min=0.8, max=0.9, cycle=5
2025-03-17 04:00:33,099 [INFO] Starting cyclic sparsity...
2025-03-17 04:00:33,120 [INFO] Completed cyclic sparsity in 0.02 seconds
2025-03-17 04:00:33,186 [INFO] Memory stats at after cyclic sparsity:
2025-03-17 04:00:33,196 [INFO]   GPU 0 utilization: 10.58%
2025-03-17 04:00:33,197 [INFO] Step 7: Evaluating model
2025-03-17 04:00:33,197 [INFO] Starting model evaluation...
2025-03-17 04:00:37,298 [INFO] Completed model evaluation in 4.10 seconds
2025-03-17 04:00:37,299 [INFO] Evaluation results saved to outputs/models/east_1b\evaluation_results.json
2025-03-17 04:00:37,299 [INFO] Memory stats at after evaluation:
2025-03-17 04:00:37,309 [INFO]   GPU 0 utilization: 10.68%
2025-03-17 04:00:37,310 [INFO] Step 8: Saving model
2025-03-17 04:00:37,310 [INFO] Starting model saving...
2025-03-17 04:00:37,350 [INFO] Completed model saving in 0.04 seconds
2025-03-17 04:00:37,351 [INFO] Memory stats at after model saving:
2025-03-17 04:00:37,360 [INFO]   GPU 0 utilization: 10.68%
2025-03-17 04:00:37,360 [INFO] Step 9: Cleaning up resources
2025-03-17 04:00:37,361 [INFO] Starting resource cleanup...
2025-03-17 04:00:37,746 [INFO] Completed resource cleanup in 0.39 seconds
2025-03-17 04:00:37,747 [INFO] Memory stats at after cleanup:
2025-03-17 04:00:37,760 [INFO]   GPU 0 utilization: 0.36%
2025-03-17 04:00:37,761 [INFO] Execution metadata saved to outputs/models/east_1b\execution_metadata.json
2025-03-17 04:00:37,761 [INFO] 
Training completed successfully in 7.40 seconds!
2025-03-17 04:00:37,762 [INFO] See detailed logs at: outputs/models/east_1b\logs\east_training_20250317_040030.log
2025-03-17 04:00:37,762 [INFO] ==================================================
