2025-03-17 04:53:47,881 [INFO] Logging initialized. Log file: outputs/models/east_1b\logs\east_training_20250317_045347.log
2025-03-17 04:53:47,882 [INFO] ==================================================
2025-03-17 04:53:47,882 [INFO] EAST Training Started at 2025-03-17 04:53:47
2025-03-17 04:53:47,882 [INFO] PyTorch version: 2.6.0+cu118
2025-03-17 04:53:47,902 [INFO] CUDA available: True
2025-03-17 04:53:47,903 [INFO] CUDA version: 11.8
2025-03-17 04:53:47,905 [INFO] GPU: NVIDIA GeForce RTX 3070 Laptop GPU
2025-03-17 04:53:47,906 [INFO] Initial system state:
2025-03-17 04:53:47,906 [INFO] Memory stats at initialization:
2025-03-17 04:53:47,917 [INFO]   GPU 0 utilization: 0.00%
2025-03-17 04:53:47,918 [INFO] Loading sparsity configuration from configs/sparsity_config.json
2025-03-17 04:53:47,918 [INFO] Successfully loaded sparsity configuration
2025-03-17 04:53:47,918 [INFO] Step 1: Loading model and tokenizer
2025-03-17 04:53:47,919 [INFO] Starting model loading...
2025-03-17 04:53:48,655 [INFO] We will use 90% of the memory on device 0 for storing the model, and 10% for the buffer to avoid OOM. You can set `max_memory` in to a higher value to use more memory (at your own risk).
2025-03-17 04:53:50,199 [INFO] Completed model loading in 2.28 seconds
2025-03-17 04:53:50,199 [INFO] Memory stats at after model loading:
2025-03-17 04:53:50,210 [INFO]   GPU 0 utilization: 10.57%
2025-03-17 04:53:50,210 [INFO] Step 2: Applying DyReLU phasing
2025-03-17 04:53:50,211 [INFO] Starting DyReLU phasing...
2025-03-17 04:53:50,211 [INFO] Completed DyReLU phasing in 0.00 seconds
2025-03-17 04:53:50,212 [INFO] Memory stats at after DyReLU phasing:
2025-03-17 04:53:50,227 [INFO]   GPU 0 utilization: 10.57%
2025-03-17 04:53:50,227 [INFO] Step 3: Applying weight sharing
2025-03-17 04:53:50,228 [INFO] Starting weight sharing...
2025-03-17 04:53:50,256 [INFO] Completed weight sharing in 0.03 seconds
2025-03-17 04:53:50,256 [INFO] Memory stats at after weight sharing:
2025-03-17 04:53:50,269 [INFO]   GPU 0 utilization: 10.57%
2025-03-17 04:53:50,270 [INFO] Step 4: Gathering initial model statistics
2025-03-17 04:53:50,270 [INFO] Starting parameter counting...
2025-03-17 04:53:50,360 [INFO] Completed parameter counting in 0.09 seconds
2025-03-17 04:53:50,360 [INFO] Step 5: Applying static pruning
2025-03-17 04:53:50,361 [INFO] Static pruning with sparsity=0.8, chunk_size=1000000
2025-03-17 04:53:50,361 [INFO] Starting static pruning...
2025-03-17 04:53:50,490 [INFO] Completed static pruning in 0.13 seconds
2025-03-17 04:53:50,553 [INFO] Memory stats at after static pruning:
2025-03-17 04:53:50,563 [INFO]   GPU 0 utilization: 10.57%
2025-03-17 04:53:50,563 [INFO] Step 6: Applying cyclic sparsity
2025-03-17 04:53:50,564 [INFO] Cyclic sparsity with min=0.8, max=0.9, cycle=5
2025-03-17 04:53:50,564 [INFO] Starting cyclic sparsity...
2025-03-17 04:53:50,584 [INFO] Completed cyclic sparsity in 0.02 seconds
2025-03-17 04:53:50,643 [INFO] Memory stats at after cyclic sparsity:
2025-03-17 04:53:50,653 [INFO]   GPU 0 utilization: 10.57%
2025-03-17 04:53:50,653 [INFO] Step 7: Evaluating model
2025-03-17 04:53:50,653 [INFO] Starting model evaluation...
2025-03-17 04:53:54,827 [INFO] Completed model evaluation in 4.17 seconds
2025-03-17 04:53:54,828 [INFO] Evaluation results saved to outputs/models/east_1b\evaluation_results.json
2025-03-17 04:53:54,828 [INFO] Memory stats at after evaluation:
2025-03-17 04:53:54,844 [INFO]   GPU 0 utilization: 10.67%
2025-03-17 04:53:54,844 [INFO] Step 8: Saving model
2025-03-17 04:53:54,845 [INFO] Starting model saving...
2025-03-17 04:53:55,483 [INFO] Completed model saving in 0.64 seconds
2025-03-17 04:53:55,484 [INFO] Memory stats at after model saving:
2025-03-17 04:53:55,495 [INFO]   GPU 0 utilization: 10.67%
2025-03-17 04:53:55,495 [INFO] Step 9: Cleaning up resources
2025-03-17 04:53:55,496 [INFO] Starting resource cleanup...
2025-03-17 04:53:55,809 [INFO] Completed resource cleanup in 0.31 seconds
2025-03-17 04:53:55,809 [INFO] Memory stats at after cleanup:
2025-03-17 04:53:55,828 [INFO]   GPU 0 utilization: 3.96%
2025-03-17 04:53:55,829 [INFO] Execution metadata saved to outputs/models/east_1b\execution_metadata.json
2025-03-17 04:53:55,830 [INFO] 
Training completed successfully in 7.91 seconds!
2025-03-17 04:53:55,830 [INFO] See detailed logs at: outputs/models/east_1b\logs\east_training_20250317_045347.log
2025-03-17 04:53:55,830 [INFO] ==================================================
