2025-03-17 04:18:04,171 [INFO] Logging initialized. Log file: outputs/models/east_1b\logs\east_training_20250317_041804.log
2025-03-17 04:18:04,172 [INFO] ==================================================
2025-03-17 04:18:04,172 [INFO] EAST Training Started at 2025-03-17 04:18:04
2025-03-17 04:18:04,172 [INFO] PyTorch version: 2.6.0+cu118
2025-03-17 04:18:04,188 [INFO] CUDA available: True
2025-03-17 04:18:04,188 [INFO] CUDA version: 11.8
2025-03-17 04:18:04,192 [INFO] GPU: NVIDIA GeForce RTX 3070 Laptop GPU
2025-03-17 04:18:04,192 [INFO] Initial system state:
2025-03-17 04:18:04,192 [INFO] Memory stats at initialization:
2025-03-17 04:18:04,202 [INFO]   GPU 0 utilization: 0.00%
2025-03-17 04:18:04,203 [INFO] Loading sparsity configuration from configs/sparsity_config.json
2025-03-17 04:18:04,203 [INFO] Successfully loaded sparsity configuration
2025-03-17 04:18:04,203 [INFO] Step 1: Loading model and tokenizer
2025-03-17 04:18:04,203 [INFO] Starting model loading...
2025-03-17 04:18:08,207 [INFO] We will use 90% of the memory on device 0 for storing the model, and 10% for the buffer to avoid OOM. You can set `max_memory` in to a higher value to use more memory (at your own risk).
2025-03-17 04:18:09,813 [INFO] Completed model loading in 5.61 seconds
2025-03-17 04:18:09,813 [INFO] Memory stats at after model loading:
2025-03-17 04:18:09,826 [INFO]   GPU 0 utilization: 10.57%
2025-03-17 04:18:09,826 [INFO] Step 2: Applying DyReLU phasing
2025-03-17 04:18:09,827 [INFO] Starting DyReLU phasing...
2025-03-17 04:18:09,828 [INFO] Completed DyReLU phasing in 0.00 seconds
2025-03-17 04:18:09,828 [INFO] Memory stats at after DyReLU phasing:
2025-03-17 04:18:09,839 [INFO]   GPU 0 utilization: 10.57%
2025-03-17 04:18:09,839 [INFO] Step 3: Applying weight sharing
2025-03-17 04:18:09,847 [INFO] Starting weight sharing...
2025-03-17 04:18:09,874 [INFO] Completed weight sharing in 0.03 seconds
2025-03-17 04:18:09,875 [INFO] Memory stats at after weight sharing:
2025-03-17 04:18:09,885 [INFO]   GPU 0 utilization: 10.57%
2025-03-17 04:18:09,885 [INFO] Step 4: Gathering initial model statistics
2025-03-17 04:18:09,885 [INFO] Starting parameter counting...
2025-03-17 04:18:09,970 [INFO] Completed parameter counting in 0.08 seconds
2025-03-17 04:18:09,970 [INFO] Step 5: Applying static pruning
2025-03-17 04:18:09,970 [INFO] Static pruning with sparsity=0.8, chunk_size=1000000
2025-03-17 04:18:09,970 [INFO] Starting static pruning...
2025-03-17 04:18:10,109 [INFO] Completed static pruning in 0.14 seconds
2025-03-17 04:18:10,168 [INFO] Memory stats at after static pruning:
2025-03-17 04:18:10,178 [INFO]   GPU 0 utilization: 10.57%
2025-03-17 04:18:10,178 [INFO] Step 6: Applying cyclic sparsity
2025-03-17 04:18:10,178 [INFO] Cyclic sparsity with min=0.8, max=0.9, cycle=5
2025-03-17 04:18:10,179 [INFO] Starting cyclic sparsity...
2025-03-17 04:18:10,203 [INFO] Completed cyclic sparsity in 0.02 seconds
2025-03-17 04:18:10,263 [INFO] Memory stats at after cyclic sparsity:
2025-03-17 04:18:10,296 [INFO]   GPU 0 utilization: 10.57%
2025-03-17 04:18:10,296 [INFO] Step 7: Evaluating model
2025-03-17 04:18:10,297 [INFO] Starting model evaluation...
2025-03-17 04:18:14,328 [INFO] Completed model evaluation in 4.03 seconds
2025-03-17 04:18:14,329 [INFO] Evaluation results saved to outputs/models/east_1b\evaluation_results.json
2025-03-17 04:18:14,329 [INFO] Memory stats at after evaluation:
2025-03-17 04:18:14,338 [INFO]   GPU 0 utilization: 10.67%
2025-03-17 04:18:14,339 [INFO] Step 8: Saving model
2025-03-17 04:18:14,339 [INFO] Starting model saving...
2025-03-17 04:18:14,377 [INFO] Completed model saving in 0.04 seconds
2025-03-17 04:18:14,377 [INFO] Memory stats at after model saving:
2025-03-17 04:18:14,387 [INFO]   GPU 0 utilization: 10.67%
2025-03-17 04:18:14,387 [INFO] Step 9: Cleaning up resources
2025-03-17 04:18:14,387 [INFO] Starting resource cleanup...
2025-03-17 04:18:14,688 [INFO] Completed resource cleanup in 0.30 seconds
2025-03-17 04:18:14,688 [INFO] Memory stats at after cleanup:
2025-03-17 04:18:14,701 [INFO]   GPU 0 utilization: 3.96%
2025-03-17 04:18:14,702 [INFO] Execution metadata saved to outputs/models/east_1b\execution_metadata.json
2025-03-17 04:18:14,702 [INFO] 
Training completed successfully in 10.50 seconds!
2025-03-17 04:18:14,703 [INFO] See detailed logs at: outputs/models/east_1b\logs\east_training_20250317_041804.log
2025-03-17 04:18:14,703 [INFO] ==================================================
