2025-03-17 05:44:11,703 [INFO] Logging initialized. Log file: outputs/models/east_1b\logs\east_training_20250317_054411.log
2025-03-17 05:44:11,704 [INFO] ==================================================
2025-03-17 05:44:11,704 [INFO] EAST Training Started at 2025-03-17 05:44:11
2025-03-17 05:44:11,704 [INFO] PyTorch version: 2.6.0+cu118
2025-03-17 05:44:11,720 [INFO] CUDA available: True
2025-03-17 05:44:11,720 [INFO] CUDA version: 11.8
2025-03-17 05:44:11,722 [INFO] GPU: NVIDIA GeForce RTX 3070 Laptop GPU
2025-03-17 05:44:11,723 [INFO] Initial system state:
2025-03-17 05:44:11,723 [INFO] Memory stats at initialization:
2025-03-17 05:44:11,741 [INFO]   GPU 0 utilization: 0.00%
2025-03-17 05:44:11,742 [INFO] Loading sparsity configuration from configs/sparsity_config.json
2025-03-17 05:44:11,743 [INFO] Successfully loaded sparsity configuration
2025-03-17 05:44:11,743 [INFO] Step 1: Loading model and tokenizer
2025-03-17 05:44:11,743 [INFO] Starting model loading...
2025-03-17 05:44:12,584 [INFO] We will use 90% of the memory on device 0 for storing the model, and 10% for the buffer to avoid OOM. You can set `max_memory` in to a higher value to use more memory (at your own risk).
2025-03-17 05:44:17,646 [INFO] Completed model loading in 5.90 seconds
2025-03-17 05:44:17,647 [INFO] Memory stats at after model loading:
2025-03-17 05:44:17,659 [INFO]   GPU 0 utilization: 10.57%
2025-03-17 05:44:17,660 [INFO] Step 2: Applying DyReLU phasing
2025-03-17 05:44:17,660 [INFO] Starting DyReLU phasing...
2025-03-17 05:44:17,661 [INFO] Completed DyReLU phasing in 0.00 seconds
2025-03-17 05:44:17,661 [INFO] Memory stats at after DyReLU phasing:
2025-03-17 05:44:17,672 [INFO]   GPU 0 utilization: 10.57%
2025-03-17 05:44:17,672 [INFO] Step 3: Applying weight sharing
2025-03-17 05:44:17,673 [INFO] Starting weight sharing...
2025-03-17 05:44:17,706 [INFO] Completed weight sharing in 0.03 seconds
2025-03-17 05:44:17,706 [INFO] Memory stats at after weight sharing:
2025-03-17 05:44:17,721 [INFO]   GPU 0 utilization: 10.57%
2025-03-17 05:44:17,721 [INFO] Step 4: Gathering initial model statistics
2025-03-17 05:44:17,721 [INFO] Starting parameter counting...
2025-03-17 05:44:17,806 [INFO] Completed parameter counting in 0.08 seconds
2025-03-17 05:44:17,806 [INFO] Step 5: Applying static pruning
2025-03-17 05:44:17,807 [INFO] Static pruning with sparsity=0.8, chunk_size=1000000
2025-03-17 05:44:17,807 [INFO] Starting static pruning...
2025-03-17 05:44:17,972 [INFO] Completed static pruning in 0.16 seconds
2025-03-17 05:44:18,035 [INFO] Memory stats at after static pruning:
2025-03-17 05:44:18,045 [INFO]   GPU 0 utilization: 10.57%
2025-03-17 05:44:18,045 [INFO] Step 6: Applying cyclic sparsity
2025-03-17 05:44:18,045 [INFO] Cyclic sparsity with min=0.8, max=0.9, cycle=5
2025-03-17 05:44:18,046 [INFO] Starting cyclic sparsity...
2025-03-17 05:44:18,070 [INFO] Completed cyclic sparsity in 0.02 seconds
2025-03-17 05:44:18,131 [INFO] Memory stats at after cyclic sparsity:
2025-03-17 05:44:18,141 [INFO]   GPU 0 utilization: 10.57%
2025-03-17 05:44:18,141 [INFO] Step 7: Evaluating model
2025-03-17 05:44:18,141 [INFO] Starting model evaluation...
2025-03-17 05:44:22,246 [INFO] Completed model evaluation in 4.10 seconds
2025-03-17 05:44:22,246 [INFO] Evaluation results saved to outputs/models/east_1b\evaluation_results.json
2025-03-17 05:44:22,247 [INFO] Memory stats at after evaluation:
2025-03-17 05:44:22,271 [INFO]   GPU 0 utilization: 10.67%
2025-03-17 05:44:22,271 [INFO] Step 8: Saving model
2025-03-17 05:44:22,272 [INFO] Starting model saving...
2025-03-17 05:44:22,992 [INFO] Completed model saving in 0.72 seconds
2025-03-17 05:44:22,993 [INFO] Memory stats at after model saving:
2025-03-17 05:44:23,003 [INFO]   GPU 0 utilization: 10.67%
2025-03-17 05:44:23,003 [INFO] Step 9: Cleaning up resources
2025-03-17 05:44:23,003 [INFO] Starting resource cleanup...
2025-03-17 05:44:23,312 [INFO] Completed resource cleanup in 0.31 seconds
2025-03-17 05:44:23,312 [INFO] Memory stats at after cleanup:
2025-03-17 05:44:23,324 [INFO]   GPU 0 utilization: 3.96%
2025-03-17 05:44:23,325 [INFO] Execution metadata saved to outputs/models/east_1b\execution_metadata.json
2025-03-17 05:44:23,326 [INFO] 
Training completed successfully in 11.58 seconds!
2025-03-17 05:44:23,326 [INFO] See detailed logs at: outputs/models/east_1b\logs\east_training_20250317_054411.log
2025-03-17 05:44:23,326 [INFO] ==================================================
