2025-03-17 04:51:29,660 [INFO] Logging initialized. Log file: outputs/models/east_1b\logs\east_training_20250317_045129.log
2025-03-17 04:51:29,661 [INFO] ==================================================
2025-03-17 04:51:29,661 [INFO] EAST Training Started at 2025-03-17 04:51:29
2025-03-17 04:51:29,661 [INFO] PyTorch version: 2.6.0+cu118
2025-03-17 04:51:29,677 [INFO] CUDA available: True
2025-03-17 04:51:29,678 [INFO] CUDA version: 11.8
2025-03-17 04:51:29,680 [INFO] GPU: NVIDIA GeForce RTX 3070 Laptop GPU
2025-03-17 04:51:29,680 [INFO] Initial system state:
2025-03-17 04:51:29,680 [INFO] Memory stats at initialization:
2025-03-17 04:51:29,691 [INFO]   GPU 0 utilization: 0.00%
2025-03-17 04:51:29,691 [INFO] Loading sparsity configuration from configs/sparsity_config.json
2025-03-17 04:51:29,692 [INFO] Successfully loaded sparsity configuration
2025-03-17 04:51:29,692 [INFO] Step 1: Loading model and tokenizer
2025-03-17 04:51:29,692 [INFO] Starting model loading...
2025-03-17 04:51:31,043 [INFO] We will use 90% of the memory on device 0 for storing the model, and 10% for the buffer to avoid OOM. You can set `max_memory` in to a higher value to use more memory (at your own risk).
2025-03-17 04:51:32,632 [INFO] Completed model loading in 2.94 seconds
2025-03-17 04:51:32,632 [INFO] Memory stats at after model loading:
2025-03-17 04:51:32,643 [INFO]   GPU 0 utilization: 10.57%
2025-03-17 04:51:32,643 [INFO] Step 2: Applying DyReLU phasing
2025-03-17 04:51:32,644 [INFO] Starting DyReLU phasing...
2025-03-17 04:51:32,644 [INFO] Completed DyReLU phasing in 0.00 seconds
2025-03-17 04:51:32,645 [INFO] Memory stats at after DyReLU phasing:
2025-03-17 04:51:32,656 [INFO]   GPU 0 utilization: 10.57%
2025-03-17 04:51:32,657 [INFO] Step 3: Applying weight sharing
2025-03-17 04:51:32,658 [INFO] Starting weight sharing...
2025-03-17 04:51:32,680 [INFO] Completed weight sharing in 0.02 seconds
2025-03-17 04:51:32,681 [INFO] Memory stats at after weight sharing:
2025-03-17 04:51:32,691 [INFO]   GPU 0 utilization: 10.57%
2025-03-17 04:51:32,691 [INFO] Step 4: Gathering initial model statistics
2025-03-17 04:51:32,691 [INFO] Starting parameter counting...
2025-03-17 04:51:32,775 [INFO] Completed parameter counting in 0.08 seconds
2025-03-17 04:51:32,776 [INFO] Step 5: Applying static pruning
2025-03-17 04:51:32,776 [INFO] Static pruning with sparsity=0.8, chunk_size=1000000
2025-03-17 04:51:32,776 [INFO] Starting static pruning...
2025-03-17 04:51:32,914 [INFO] Completed static pruning in 0.14 seconds
2025-03-17 04:51:32,974 [INFO] Memory stats at after static pruning:
2025-03-17 04:51:33,002 [INFO]   GPU 0 utilization: 10.57%
2025-03-17 04:51:33,002 [INFO] Step 6: Applying cyclic sparsity
2025-03-17 04:51:33,002 [INFO] Cyclic sparsity with min=0.8, max=0.9, cycle=5
2025-03-17 04:51:33,002 [INFO] Starting cyclic sparsity...
2025-03-17 04:51:33,038 [INFO] Completed cyclic sparsity in 0.04 seconds
2025-03-17 04:51:33,096 [INFO] Memory stats at after cyclic sparsity:
2025-03-17 04:51:33,107 [INFO]   GPU 0 utilization: 10.57%
2025-03-17 04:51:33,107 [INFO] Step 7: Evaluating model
2025-03-17 04:51:33,107 [INFO] Starting model evaluation...
2025-03-17 04:51:37,012 [INFO] Completed model evaluation in 3.90 seconds
2025-03-17 04:51:37,013 [INFO] Evaluation results saved to outputs/models/east_1b\evaluation_results.json
2025-03-17 04:51:37,013 [INFO] Memory stats at after evaluation:
2025-03-17 04:51:37,023 [INFO]   GPU 0 utilization: 10.67%
2025-03-17 04:51:37,024 [INFO] Step 8: Saving model
2025-03-17 04:51:37,024 [INFO] Starting model saving...
2025-03-17 04:51:37,064 [INFO] Completed model saving in 0.04 seconds
2025-03-17 04:51:37,064 [INFO] Memory stats at after model saving:
2025-03-17 04:51:37,075 [INFO]   GPU 0 utilization: 10.67%
2025-03-17 04:51:37,076 [INFO] Step 9: Cleaning up resources
2025-03-17 04:51:37,076 [INFO] Starting resource cleanup...
2025-03-17 04:51:37,382 [INFO] Completed resource cleanup in 0.31 seconds
2025-03-17 04:51:37,382 [INFO] Memory stats at after cleanup:
2025-03-17 04:51:37,392 [INFO]   GPU 0 utilization: 3.96%
2025-03-17 04:51:37,393 [INFO] Execution metadata saved to outputs/models/east_1b\execution_metadata.json
2025-03-17 04:51:37,393 [INFO] 
Training completed successfully in 7.70 seconds!
2025-03-17 04:51:37,393 [INFO] See detailed logs at: outputs/models/east_1b\logs\east_training_20250317_045129.log
2025-03-17 04:51:37,393 [INFO] ==================================================
