2025-03-17 04:26:50,135 [INFO] Logging initialized. Log file: outputs/models/east_1b\logs\east_training_20250317_042650.log
2025-03-17 04:26:50,135 [INFO] ==================================================
2025-03-17 04:26:50,135 [INFO] EAST Training Started at 2025-03-17 04:26:50
2025-03-17 04:26:50,136 [INFO] PyTorch version: 2.6.0+cu118
2025-03-17 04:26:50,152 [INFO] CUDA available: True
2025-03-17 04:26:50,152 [INFO] CUDA version: 11.8
2025-03-17 04:26:50,155 [INFO] GPU: NVIDIA GeForce RTX 3070 Laptop GPU
2025-03-17 04:26:50,155 [INFO] Initial system state:
2025-03-17 04:26:50,155 [INFO] Memory stats at initialization:
2025-03-17 04:26:50,165 [INFO]   GPU 0 utilization: 0.00%
2025-03-17 04:26:50,166 [INFO] Loading sparsity configuration from configs/sparsity_config.json
2025-03-17 04:26:50,166 [INFO] Successfully loaded sparsity configuration
2025-03-17 04:26:50,166 [INFO] Step 1: Loading model and tokenizer
2025-03-17 04:26:50,166 [INFO] Starting model loading...
2025-03-17 04:26:50,914 [INFO] We will use 90% of the memory on device 0 for storing the model, and 10% for the buffer to avoid OOM. You can set `max_memory` in to a higher value to use more memory (at your own risk).
2025-03-17 04:26:52,504 [INFO] Completed model loading in 2.34 seconds
2025-03-17 04:26:52,504 [INFO] Memory stats at after model loading:
2025-03-17 04:26:52,517 [INFO]   GPU 0 utilization: 10.57%
2025-03-17 04:26:52,518 [INFO] Step 2: Applying DyReLU phasing
2025-03-17 04:26:52,518 [INFO] Starting DyReLU phasing...
2025-03-17 04:26:52,519 [INFO] Completed DyReLU phasing in 0.00 seconds
2025-03-17 04:26:52,519 [INFO] Memory stats at after DyReLU phasing:
2025-03-17 04:26:52,529 [INFO]   GPU 0 utilization: 10.57%
2025-03-17 04:26:52,529 [INFO] Step 3: Applying weight sharing
2025-03-17 04:26:52,530 [INFO] Starting weight sharing...
2025-03-17 04:26:52,554 [INFO] Completed weight sharing in 0.02 seconds
2025-03-17 04:26:52,555 [INFO] Memory stats at after weight sharing:
2025-03-17 04:26:52,567 [INFO]   GPU 0 utilization: 10.57%
2025-03-17 04:26:52,567 [INFO] Step 4: Gathering initial model statistics
2025-03-17 04:26:52,567 [INFO] Starting parameter counting...
2025-03-17 04:26:52,653 [INFO] Completed parameter counting in 0.09 seconds
2025-03-17 04:26:52,653 [INFO] Step 5: Applying static pruning
2025-03-17 04:26:52,653 [INFO] Static pruning with sparsity=0.8, chunk_size=1000000
2025-03-17 04:26:52,653 [INFO] Starting static pruning...
2025-03-17 04:26:52,788 [INFO] Completed static pruning in 0.13 seconds
2025-03-17 04:26:52,848 [INFO] Memory stats at after static pruning:
2025-03-17 04:26:52,858 [INFO]   GPU 0 utilization: 10.57%
2025-03-17 04:26:52,858 [INFO] Step 6: Applying cyclic sparsity
2025-03-17 04:26:52,859 [INFO] Cyclic sparsity with min=0.8, max=0.9, cycle=5
2025-03-17 04:26:52,859 [INFO] Starting cyclic sparsity...
2025-03-17 04:26:52,881 [INFO] Completed cyclic sparsity in 0.02 seconds
2025-03-17 04:26:52,946 [INFO] Memory stats at after cyclic sparsity:
2025-03-17 04:26:52,956 [INFO]   GPU 0 utilization: 10.57%
2025-03-17 04:26:52,956 [INFO] Step 7: Evaluating model
2025-03-17 04:26:52,956 [INFO] Starting model evaluation...
2025-03-17 04:26:56,935 [INFO] Completed model evaluation in 3.98 seconds
2025-03-17 04:26:56,936 [INFO] Evaluation results saved to outputs/models/east_1b\evaluation_results.json
2025-03-17 04:26:56,936 [INFO] Memory stats at after evaluation:
2025-03-17 04:26:56,946 [INFO]   GPU 0 utilization: 10.67%
2025-03-17 04:26:56,946 [INFO] Step 8: Saving model
2025-03-17 04:26:56,947 [INFO] Starting model saving...
2025-03-17 04:26:57,586 [INFO] Completed model saving in 0.64 seconds
2025-03-17 04:26:57,587 [INFO] Memory stats at after model saving:
2025-03-17 04:26:57,598 [INFO]   GPU 0 utilization: 10.67%
2025-03-17 04:26:57,598 [INFO] Step 9: Cleaning up resources
2025-03-17 04:26:57,598 [INFO] Starting resource cleanup...
2025-03-17 04:26:57,905 [INFO] Completed resource cleanup in 0.31 seconds
2025-03-17 04:26:57,905 [INFO] Memory stats at after cleanup:
2025-03-17 04:26:57,915 [INFO]   GPU 0 utilization: 3.96%
2025-03-17 04:26:57,916 [INFO] Execution metadata saved to outputs/models/east_1b\execution_metadata.json
2025-03-17 04:26:57,916 [INFO] 
Training completed successfully in 7.75 seconds!
2025-03-17 04:26:57,916 [INFO] See detailed logs at: outputs/models/east_1b\logs\east_training_20250317_042650.log
2025-03-17 04:26:57,916 [INFO] ==================================================
