2025-03-17 05:29:17,842 [INFO] Logging initialized. Log file: outputs/models/east_1b\logs\east_training_20250317_052917.log
2025-03-17 05:29:17,842 [INFO] ==================================================
2025-03-17 05:29:17,842 [INFO] EAST Training Started at 2025-03-17 05:29:17
2025-03-17 05:29:17,843 [INFO] PyTorch version: 2.6.0+cu118
2025-03-17 05:29:17,859 [INFO] CUDA available: True
2025-03-17 05:29:17,859 [INFO] CUDA version: 11.8
2025-03-17 05:29:17,861 [INFO] GPU: NVIDIA GeForce RTX 3070 Laptop GPU
2025-03-17 05:29:17,862 [INFO] Initial system state:
2025-03-17 05:29:17,862 [INFO] Memory stats at initialization:
2025-03-17 05:29:17,873 [INFO]   GPU 0 utilization: 0.00%
2025-03-17 05:29:17,873 [INFO] Loading sparsity configuration from configs/sparsity_config.json
2025-03-17 05:29:17,874 [INFO] Successfully loaded sparsity configuration
2025-03-17 05:29:17,874 [INFO] Step 1: Loading model and tokenizer
2025-03-17 05:29:17,874 [INFO] Starting model loading...
2025-03-17 05:29:18,771 [INFO] We will use 90% of the memory on device 0 for storing the model, and 10% for the buffer to avoid OOM. You can set `max_memory` in to a higher value to use more memory (at your own risk).
2025-03-17 05:29:20,344 [INFO] Completed model loading in 2.47 seconds
2025-03-17 05:29:20,344 [INFO] Memory stats at after model loading:
2025-03-17 05:29:20,354 [INFO]   GPU 0 utilization: 10.57%
2025-03-17 05:29:20,354 [INFO] Step 2: Applying DyReLU phasing
2025-03-17 05:29:20,355 [INFO] Starting DyReLU phasing...
2025-03-17 05:29:20,355 [INFO] Completed DyReLU phasing in 0.00 seconds
2025-03-17 05:29:20,355 [INFO] Memory stats at after DyReLU phasing:
2025-03-17 05:29:20,369 [INFO]   GPU 0 utilization: 10.57%
2025-03-17 05:29:20,369 [INFO] Step 3: Applying weight sharing
2025-03-17 05:29:20,370 [INFO] Starting weight sharing...
2025-03-17 05:29:20,390 [INFO] Completed weight sharing in 0.02 seconds
2025-03-17 05:29:20,390 [INFO] Memory stats at after weight sharing:
2025-03-17 05:29:20,402 [INFO]   GPU 0 utilization: 10.57%
2025-03-17 05:29:20,402 [INFO] Step 4: Gathering initial model statistics
2025-03-17 05:29:20,403 [INFO] Starting parameter counting...
2025-03-17 05:29:20,487 [INFO] Completed parameter counting in 0.08 seconds
2025-03-17 05:29:20,487 [INFO] Step 5: Applying static pruning
2025-03-17 05:29:20,487 [INFO] Static pruning with sparsity=0.8, chunk_size=1000000
2025-03-17 05:29:20,487 [INFO] Starting static pruning...
2025-03-17 05:29:20,622 [INFO] Completed static pruning in 0.13 seconds
2025-03-17 05:29:20,682 [INFO] Memory stats at after static pruning:
2025-03-17 05:29:20,702 [INFO]   GPU 0 utilization: 10.57%
2025-03-17 05:29:20,702 [INFO] Step 6: Applying cyclic sparsity
2025-03-17 05:29:20,702 [INFO] Cyclic sparsity with min=0.8, max=0.9, cycle=5
2025-03-17 05:29:20,703 [INFO] Starting cyclic sparsity...
2025-03-17 05:29:20,740 [INFO] Completed cyclic sparsity in 0.04 seconds
2025-03-17 05:29:20,802 [INFO] Memory stats at after cyclic sparsity:
2025-03-17 05:29:20,812 [INFO]   GPU 0 utilization: 10.57%
2025-03-17 05:29:20,812 [INFO] Step 7: Evaluating model
2025-03-17 05:29:20,813 [INFO] Starting model evaluation...
2025-03-17 05:29:24,753 [INFO] Completed model evaluation in 3.94 seconds
2025-03-17 05:29:24,754 [INFO] Evaluation results saved to outputs/models/east_1b\evaluation_results.json
2025-03-17 05:29:24,754 [INFO] Memory stats at after evaluation:
2025-03-17 05:29:24,763 [INFO]   GPU 0 utilization: 10.67%
2025-03-17 05:29:24,763 [INFO] Step 8: Saving model
2025-03-17 05:29:24,764 [INFO] Starting model saving...
2025-03-17 05:29:25,363 [INFO] Completed model saving in 0.60 seconds
2025-03-17 05:29:25,363 [INFO] Memory stats at after model saving:
2025-03-17 05:29:25,377 [INFO]   GPU 0 utilization: 10.67%
2025-03-17 05:29:25,377 [INFO] Step 9: Cleaning up resources
2025-03-17 05:29:25,377 [INFO] Starting resource cleanup...
2025-03-17 05:29:25,680 [INFO] Completed resource cleanup in 0.30 seconds
2025-03-17 05:29:25,680 [INFO] Memory stats at after cleanup:
2025-03-17 05:29:25,690 [INFO]   GPU 0 utilization: 3.96%
2025-03-17 05:29:25,691 [INFO] Execution metadata saved to outputs/models/east_1b\execution_metadata.json
2025-03-17 05:29:25,692 [INFO] 
Training completed successfully in 7.82 seconds!
2025-03-17 05:29:25,692 [INFO] See detailed logs at: outputs/models/east_1b\logs\east_training_20250317_052917.log
2025-03-17 05:29:25,692 [INFO] ==================================================
