2025-03-17 05:20:07,255 [INFO] Logging initialized. Log file: outputs/models/east_1b\logs\east_training_20250317_052007.log
2025-03-17 05:20:07,255 [INFO] ==================================================
2025-03-17 05:20:07,256 [INFO] EAST Training Started at 2025-03-17 05:20:07
2025-03-17 05:20:07,256 [INFO] PyTorch version: 2.6.0+cu118
2025-03-17 05:20:07,277 [INFO] CUDA available: True
2025-03-17 05:20:07,277 [INFO] CUDA version: 11.8
2025-03-17 05:20:07,280 [INFO] GPU: NVIDIA GeForce RTX 3070 Laptop GPU
2025-03-17 05:20:07,280 [INFO] Initial system state:
2025-03-17 05:20:07,280 [INFO] Memory stats at initialization:
2025-03-17 05:20:07,292 [INFO]   GPU 0 utilization: 0.00%
2025-03-17 05:20:07,293 [INFO] Loading sparsity configuration from configs/sparsity_config.json
2025-03-17 05:20:07,293 [INFO] Successfully loaded sparsity configuration
2025-03-17 05:20:07,293 [INFO] Step 1: Loading model and tokenizer
2025-03-17 05:20:07,294 [INFO] Starting model loading...
2025-03-17 05:20:08,288 [INFO] We will use 90% of the memory on device 0 for storing the model, and 10% for the buffer to avoid OOM. You can set `max_memory` in to a higher value to use more memory (at your own risk).
2025-03-17 05:20:10,120 [INFO] Completed model loading in 2.83 seconds
2025-03-17 05:20:10,121 [INFO] Memory stats at after model loading:
2025-03-17 05:20:10,133 [INFO]   GPU 0 utilization: 10.57%
2025-03-17 05:20:10,133 [INFO] Step 2: Applying DyReLU phasing
2025-03-17 05:20:10,134 [INFO] Starting DyReLU phasing...
2025-03-17 05:20:10,135 [INFO] Completed DyReLU phasing in 0.00 seconds
2025-03-17 05:20:10,135 [INFO] Memory stats at after DyReLU phasing:
2025-03-17 05:20:10,152 [INFO]   GPU 0 utilization: 10.57%
2025-03-17 05:20:10,152 [INFO] Step 3: Applying weight sharing
2025-03-17 05:20:10,153 [INFO] Starting weight sharing...
2025-03-17 05:20:10,189 [INFO] Completed weight sharing in 0.04 seconds
2025-03-17 05:20:10,189 [INFO] Memory stats at after weight sharing:
2025-03-17 05:20:10,206 [INFO]   GPU 0 utilization: 10.57%
2025-03-17 05:20:10,206 [INFO] Step 4: Gathering initial model statistics
2025-03-17 05:20:10,207 [INFO] Starting parameter counting...
2025-03-17 05:20:10,303 [INFO] Completed parameter counting in 0.10 seconds
2025-03-17 05:20:10,303 [INFO] Step 5: Applying static pruning
2025-03-17 05:20:10,303 [INFO] Static pruning with sparsity=0.8, chunk_size=1000000
2025-03-17 05:20:10,303 [INFO] Starting static pruning...
2025-03-17 05:20:10,460 [INFO] Completed static pruning in 0.16 seconds
2025-03-17 05:20:10,523 [INFO] Memory stats at after static pruning:
2025-03-17 05:20:10,537 [INFO]   GPU 0 utilization: 10.57%
2025-03-17 05:20:10,537 [INFO] Step 6: Applying cyclic sparsity
2025-03-17 05:20:10,537 [INFO] Cyclic sparsity with min=0.8, max=0.9, cycle=5
2025-03-17 05:20:10,537 [INFO] Starting cyclic sparsity...
2025-03-17 05:20:10,566 [INFO] Completed cyclic sparsity in 0.03 seconds
2025-03-17 05:20:10,639 [INFO] Memory stats at after cyclic sparsity:
2025-03-17 05:20:10,652 [INFO]   GPU 0 utilization: 10.57%
2025-03-17 05:20:10,652 [INFO] Step 7: Evaluating model
2025-03-17 05:20:10,652 [INFO] Starting model evaluation...
2025-03-17 05:20:15,561 [INFO] Completed model evaluation in 4.91 seconds
2025-03-17 05:20:15,562 [INFO] Evaluation results saved to outputs/models/east_1b\evaluation_results.json
2025-03-17 05:20:15,562 [INFO] Memory stats at after evaluation:
2025-03-17 05:20:15,574 [INFO]   GPU 0 utilization: 10.67%
2025-03-17 05:20:15,574 [INFO] Step 8: Saving model
2025-03-17 05:20:15,574 [INFO] Starting model saving...
2025-03-17 05:20:16,264 [INFO] Completed model saving in 0.69 seconds
2025-03-17 05:20:16,265 [INFO] Memory stats at after model saving:
2025-03-17 05:20:16,280 [INFO]   GPU 0 utilization: 10.67%
2025-03-17 05:20:16,281 [INFO] Step 9: Cleaning up resources
2025-03-17 05:20:16,281 [INFO] Starting resource cleanup...
2025-03-17 05:20:16,615 [INFO] Completed resource cleanup in 0.33 seconds
2025-03-17 05:20:16,615 [INFO] Memory stats at after cleanup:
2025-03-17 05:20:16,634 [INFO]   GPU 0 utilization: 3.96%
2025-03-17 05:20:16,636 [INFO] Execution metadata saved to outputs/models/east_1b\execution_metadata.json
2025-03-17 05:20:16,636 [INFO] 
Training completed successfully in 9.34 seconds!
2025-03-17 05:20:16,636 [INFO] See detailed logs at: outputs/models/east_1b\logs\east_training_20250317_052007.log
2025-03-17 05:20:16,636 [INFO] ==================================================
