2025-03-17 05:05:27,979 [INFO] Logging initialized. Log file: outputs/models/east_1b\logs\east_training_20250317_050527.log
2025-03-17 05:05:27,979 [INFO] ==================================================
2025-03-17 05:05:27,979 [INFO] EAST Training Started at 2025-03-17 05:05:27
2025-03-17 05:05:27,979 [INFO] PyTorch version: 2.6.0+cu118
2025-03-17 05:05:27,997 [INFO] CUDA available: True
2025-03-17 05:05:27,997 [INFO] CUDA version: 11.8
2025-03-17 05:05:27,999 [INFO] GPU: NVIDIA GeForce RTX 3070 Laptop GPU
2025-03-17 05:05:27,999 [INFO] Initial system state:
2025-03-17 05:05:27,999 [INFO] Memory stats at initialization:
2025-03-17 05:05:28,009 [INFO]   GPU 0 utilization: 0.00%
2025-03-17 05:05:28,009 [INFO] Loading sparsity configuration from configs/sparsity_config.json
2025-03-17 05:05:28,010 [INFO] Successfully loaded sparsity configuration
2025-03-17 05:05:28,010 [INFO] Step 1: Loading model and tokenizer
2025-03-17 05:05:28,010 [INFO] Starting model loading...
2025-03-17 05:05:28,726 [INFO] We will use 90% of the memory on device 0 for storing the model, and 10% for the buffer to avoid OOM. You can set `max_memory` in to a higher value to use more memory (at your own risk).
2025-03-17 05:05:30,442 [INFO] Completed model loading in 2.43 seconds
2025-03-17 05:05:30,442 [INFO] Memory stats at after model loading:
2025-03-17 05:05:30,454 [INFO]   GPU 0 utilization: 10.57%
2025-03-17 05:05:30,454 [INFO] Step 2: Applying DyReLU phasing
2025-03-17 05:05:30,455 [INFO] Starting DyReLU phasing...
2025-03-17 05:05:30,455 [INFO] Completed DyReLU phasing in 0.00 seconds
2025-03-17 05:05:30,456 [INFO] Memory stats at after DyReLU phasing:
2025-03-17 05:05:30,469 [INFO]   GPU 0 utilization: 10.57%
2025-03-17 05:05:30,469 [INFO] Step 3: Applying weight sharing
2025-03-17 05:05:30,470 [INFO] Starting weight sharing...
2025-03-17 05:05:30,492 [INFO] Completed weight sharing in 0.02 seconds
2025-03-17 05:05:30,492 [INFO] Memory stats at after weight sharing:
2025-03-17 05:05:30,505 [INFO]   GPU 0 utilization: 10.57%
2025-03-17 05:05:30,505 [INFO] Step 4: Gathering initial model statistics
2025-03-17 05:05:30,505 [INFO] Starting parameter counting...
2025-03-17 05:05:30,593 [INFO] Completed parameter counting in 0.09 seconds
2025-03-17 05:05:30,593 [INFO] Step 5: Applying static pruning
2025-03-17 05:05:30,593 [INFO] Static pruning with sparsity=0.8, chunk_size=1000000
2025-03-17 05:05:30,593 [INFO] Starting static pruning...
2025-03-17 05:05:30,731 [INFO] Completed static pruning in 0.14 seconds
2025-03-17 05:05:30,789 [INFO] Memory stats at after static pruning:
2025-03-17 05:05:30,799 [INFO]   GPU 0 utilization: 10.57%
2025-03-17 05:05:30,799 [INFO] Step 6: Applying cyclic sparsity
2025-03-17 05:05:30,800 [INFO] Cyclic sparsity with min=0.8, max=0.9, cycle=5
2025-03-17 05:05:30,800 [INFO] Starting cyclic sparsity...
2025-03-17 05:05:30,822 [INFO] Completed cyclic sparsity in 0.02 seconds
2025-03-17 05:05:30,887 [INFO] Memory stats at after cyclic sparsity:
2025-03-17 05:05:30,896 [INFO]   GPU 0 utilization: 10.57%
2025-03-17 05:05:30,896 [INFO] Step 7: Evaluating model
2025-03-17 05:05:30,897 [INFO] Starting model evaluation...
2025-03-17 05:05:34,890 [INFO] Completed model evaluation in 3.99 seconds
2025-03-17 05:05:34,891 [INFO] Evaluation results saved to outputs/models/east_1b\evaluation_results.json
2025-03-17 05:05:34,891 [INFO] Memory stats at after evaluation:
2025-03-17 05:05:34,901 [INFO]   GPU 0 utilization: 10.67%
2025-03-17 05:05:34,901 [INFO] Step 8: Saving model
2025-03-17 05:05:34,901 [INFO] Starting model saving...
2025-03-17 05:05:35,516 [INFO] Completed model saving in 0.61 seconds
2025-03-17 05:05:35,516 [INFO] Memory stats at after model saving:
2025-03-17 05:05:35,527 [INFO]   GPU 0 utilization: 10.67%
2025-03-17 05:05:35,527 [INFO] Step 9: Cleaning up resources
2025-03-17 05:05:35,527 [INFO] Starting resource cleanup...
2025-03-17 05:05:35,839 [INFO] Completed resource cleanup in 0.31 seconds
2025-03-17 05:05:35,839 [INFO] Memory stats at after cleanup:
2025-03-17 05:05:35,850 [INFO]   GPU 0 utilization: 3.96%
2025-03-17 05:05:35,851 [INFO] Execution metadata saved to outputs/models/east_1b\execution_metadata.json
2025-03-17 05:05:35,851 [INFO] 
Training completed successfully in 7.84 seconds!
2025-03-17 05:05:35,852 [INFO] See detailed logs at: outputs/models/east_1b\logs\east_training_20250317_050527.log
2025-03-17 05:05:35,852 [INFO] ==================================================
