2025-03-17 06:03:31,724 [INFO] Logging initialized. Log file: outputs/models/east_1b\logs\east_training_20250317_060331.log
2025-03-17 06:03:31,725 [INFO] ==================================================
2025-03-17 06:03:31,725 [INFO] EAST Training Started at 2025-03-17 06:03:31
2025-03-17 06:03:31,725 [INFO] PyTorch version: 2.6.0+cu118
2025-03-17 06:03:31,742 [INFO] CUDA available: True
2025-03-17 06:03:31,743 [INFO] CUDA version: 11.8
2025-03-17 06:03:31,745 [INFO] GPU: NVIDIA GeForce RTX 3070 Laptop GPU
2025-03-17 06:03:31,745 [INFO] Initial system state:
2025-03-17 06:03:31,745 [INFO] Memory stats at initialization:
2025-03-17 06:03:31,756 [INFO]   GPU 0 utilization: 0.00%
2025-03-17 06:03:31,757 [INFO] Loading sparsity configuration from configs/sparsity_config.json
2025-03-17 06:03:31,757 [INFO] Successfully loaded sparsity configuration
2025-03-17 06:03:31,757 [INFO] Step 1: Loading model and tokenizer
2025-03-17 06:03:31,758 [INFO] Starting model loading...
2025-03-17 06:03:32,527 [INFO] We will use 90% of the memory on device 0 for storing the model, and 10% for the buffer to avoid OOM. You can set `max_memory` in to a higher value to use more memory (at your own risk).
2025-03-17 06:03:34,621 [INFO] Completed model loading in 2.86 seconds
2025-03-17 06:03:34,621 [INFO] Memory stats at after model loading:
2025-03-17 06:03:34,631 [INFO]   GPU 0 utilization: 10.57%
2025-03-17 06:03:34,632 [INFO] Step 2: Applying DyReLU phasing
2025-03-17 06:03:34,633 [INFO] Starting DyReLU phasing...
2025-03-17 06:03:34,633 [INFO] Completed DyReLU phasing in 0.00 seconds
2025-03-17 06:03:34,633 [INFO] Memory stats at after DyReLU phasing:
2025-03-17 06:03:34,648 [INFO]   GPU 0 utilization: 10.57%
2025-03-17 06:03:34,648 [INFO] Step 3: Applying weight sharing
2025-03-17 06:03:34,649 [INFO] Starting weight sharing...
2025-03-17 06:03:34,675 [INFO] Completed weight sharing in 0.03 seconds
2025-03-17 06:03:34,675 [INFO] Memory stats at after weight sharing:
2025-03-17 06:03:34,687 [INFO]   GPU 0 utilization: 10.57%
2025-03-17 06:03:34,687 [INFO] Step 4: Gathering initial model statistics
2025-03-17 06:03:34,688 [INFO] Starting parameter counting...
2025-03-17 06:03:34,778 [INFO] Completed parameter counting in 0.09 seconds
2025-03-17 06:03:34,778 [INFO] Step 5: Applying static pruning
2025-03-17 06:03:34,778 [INFO] Static pruning with sparsity=0.8, chunk_size=1000000
2025-03-17 06:03:34,779 [INFO] Starting static pruning...
2025-03-17 06:03:34,918 [INFO] Completed static pruning in 0.14 seconds
2025-03-17 06:03:34,981 [INFO] Memory stats at after static pruning:
2025-03-17 06:03:34,991 [INFO]   GPU 0 utilization: 10.57%
2025-03-17 06:03:34,991 [INFO] Step 6: Applying cyclic sparsity
2025-03-17 06:03:34,991 [INFO] Cyclic sparsity with min=0.8, max=0.9, cycle=5
2025-03-17 06:03:34,992 [INFO] Starting cyclic sparsity...
2025-03-17 06:03:35,014 [INFO] Completed cyclic sparsity in 0.02 seconds
2025-03-17 06:03:35,079 [INFO] Memory stats at after cyclic sparsity:
2025-03-17 06:03:35,108 [INFO]   GPU 0 utilization: 10.57%
2025-03-17 06:03:35,108 [INFO] Step 7: Evaluating model
2025-03-17 06:03:35,109 [INFO] Starting model evaluation...
2025-03-17 06:03:39,280 [INFO] Completed model evaluation in 4.17 seconds
2025-03-17 06:03:39,280 [INFO] Evaluation results saved to outputs/models/east_1b\evaluation_results.json
2025-03-17 06:03:39,280 [INFO] Memory stats at after evaluation:
2025-03-17 06:03:39,290 [INFO]   GPU 0 utilization: 10.67%
2025-03-17 06:03:39,290 [INFO] Step 8: Saving model
2025-03-17 06:03:39,290 [INFO] Starting model saving...
2025-03-17 06:03:40,065 [INFO] Completed model saving in 0.77 seconds
2025-03-17 06:03:40,065 [INFO] Memory stats at after model saving:
2025-03-17 06:03:40,075 [INFO]   GPU 0 utilization: 10.67%
2025-03-17 06:03:40,075 [INFO] Step 9: Cleaning up resources
2025-03-17 06:03:40,075 [INFO] Starting resource cleanup...
2025-03-17 06:03:40,399 [INFO] Completed resource cleanup in 0.32 seconds
2025-03-17 06:03:40,399 [INFO] Memory stats at after cleanup:
2025-03-17 06:03:40,409 [INFO]   GPU 0 utilization: 3.96%
2025-03-17 06:03:40,410 [INFO] Execution metadata saved to outputs/models/east_1b\execution_metadata.json
2025-03-17 06:03:40,410 [INFO] 
Training completed successfully in 8.65 seconds!
2025-03-17 06:03:40,411 [INFO] See detailed logs at: outputs/models/east_1b\logs\east_training_20250317_060331.log
2025-03-17 06:03:40,411 [INFO] ==================================================
